[02-Feb-2025 00:27:39 UTC] PHP Deprecated:  strpos(): Passing null to parameter #1 ($haystack) of type string is deprecated in D:\LocalWP\pluginwindsurfcliente\app\public\wp-includes\functions.php on line 7329
[02-Feb-2025 00:27:39 UTC] PHP Deprecated:  str_replace(): Passing null to parameter #3 ($subject) of type array|string is deprecated in D:\LocalWP\pluginwindsurfcliente\app\public\wp-includes\functions.php on line 2189
[02-Feb-2025 00:27:39 UTC] PHP Deprecated:  strpos(): Passing null to parameter #1 ($haystack) of type string is deprecated in D:\LocalWP\pluginwindsurfcliente\app\public\wp-includes\functions.php on line 7329
[02-Feb-2025 00:27:39 UTC] PHP Deprecated:  str_replace(): Passing null to parameter #3 ($subject) of type array|string is deprecated in D:\LocalWP\pluginwindsurfcliente\app\public\wp-includes\functions.php on line 2189
[02-Feb-2025 00:27:40 UTC] PHP Deprecated:  strpos(): Passing null to parameter #1 ($haystack) of type string is deprecated in D:\LocalWP\pluginwindsurfcliente\app\public\wp-includes\functions.php on line 7329
[02-Feb-2025 00:27:40 UTC] PHP Deprecated:  str_replace(): Passing null to parameter #3 ($subject) of type array|string is deprecated in D:\LocalWP\pluginwindsurfcliente\app\public\wp-includes\functions.php on line 2189
[02-Feb-2025 00:27:40 UTC] PHP Deprecated:  strpos(): Passing null to parameter #1 ($haystack) of type string is deprecated in D:\LocalWP\pluginwindsurfcliente\app\public\wp-includes\functions.php on line 7329
[02-Feb-2025 00:27:40 UTC] PHP Deprecated:  str_replace(): Passing null to parameter #3 ($subject) of type array|string is deprecated in D:\LocalWP\pluginwindsurfcliente\app\public\wp-includes\functions.php on line 2189
[02-Feb-2025 00:27:45 UTC] PHP Deprecated:  strpos(): Passing null to parameter #1 ($haystack) of type string is deprecated in D:\LocalWP\pluginwindsurfcliente\app\public\wp-includes\functions.php on line 7329
[02-Feb-2025 00:27:45 UTC] PHP Deprecated:  str_replace(): Passing null to parameter #3 ($subject) of type array|string is deprecated in D:\LocalWP\pluginwindsurfcliente\app\public\wp-includes\functions.php on line 2189
[02-Feb-2025 00:27:45 UTC] PHP Deprecated:  strpos(): Passing null to parameter #1 ($haystack) of type string is deprecated in D:\LocalWP\pluginwindsurfcliente\app\public\wp-includes\functions.php on line 7329
[02-Feb-2025 00:27:45 UTC] PHP Deprecated:  str_replace(): Passing null to parameter #3 ($subject) of type array|string is deprecated in D:\LocalWP\pluginwindsurfcliente\app\public\wp-includes\functions.php on line 2189
[02-Feb-2025 00:27:45 UTC] PHP Fatal error:  Uncaught TypeError: call_user_func_array(): Argument #1 ($callback) must be a valid callback, function "msc_render_kanban_page" not found or invalid function name in D:\LocalWP\pluginwindsurfcliente\app\public\wp-includes\class-wp-hook.php:324
Stack trace:
#0 D:\LocalWP\pluginwindsurfcliente\app\public\wp-includes\class-wp-hook.php(348): WP_Hook->apply_filters('', Array)
#1 D:\LocalWP\pluginwindsurfcliente\app\public\wp-includes\plugin.php(517): WP_Hook->do_action(Array)
#2 D:\LocalWP\pluginwindsurfcliente\app\public\wp-admin\admin.php(259): do_action('clientes_page_m...')
#3 {main}
  thrown in D:\LocalWP\pluginwindsurfcliente\app\public\wp-includes\class-wp-hook.php on line 324
[02-Feb-2025 00:50:53 UTC] PHP Deprecated:  strpos(): Passing null to parameter #1 ($haystack) of type string is deprecated in D:\LocalWP\pluginwindsurfcliente\app\public\wp-includes\functions.php on line 7329
[02-Feb-2025 00:50:53 UTC] PHP Deprecated:  str_replace(): Passing null to parameter #3 ($subject) of type array|string is deprecated in D:\LocalWP\pluginwindsurfcliente\app\public\wp-includes\functions.php on line 2189
[02-Feb-2025 00:51:04 UTC] PHP Deprecated:  strpos(): Passing null to parameter #1 ($haystack) of type string is deprecated in D:\LocalWP\pluginwindsurfcliente\app\public\wp-includes\functions.php on line 7329
[02-Feb-2025 00:51:04 UTC] PHP Deprecated:  str_replace(): Passing null to parameter #3 ($subject) of type array|string is deprecated in D:\LocalWP\pluginwindsurfcliente\app\public\wp-includes\functions.php on line 2189
[02-Feb-2025 00:51:06 UTC] PHP Deprecated:  strpos(): Passing null to parameter #1 ($haystack) of type string is deprecated in D:\LocalWP\pluginwindsurfcliente\app\public\wp-includes\functions.php on line 7329
[02-Feb-2025 00:51:06 UTC] PHP Deprecated:  str_replace(): Passing null to parameter #3 ($subject) of type array|string is deprecated in D:\LocalWP\pluginwindsurfcliente\app\public\wp-includes\functions.php on line 2189
[02-Feb-2025 00:51:08 UTC] PHP Deprecated:  strpos(): Passing null to parameter #1 ($haystack) of type string is deprecated in D:\LocalWP\pluginwindsurfcliente\app\public\wp-includes\functions.php on line 7329
[02-Feb-2025 00:51:08 UTC] PHP Deprecated:  str_replace(): Passing null to parameter #3 ($subject) of type array|string is deprecated in D:\LocalWP\pluginwindsurfcliente\app\public\wp-includes\functions.php on line 2189
[02-Feb-2025 00:51:10 UTC] PHP Deprecated:  strpos(): Passing null to parameter #1 ($haystack) of type string is deprecated in D:\LocalWP\pluginwindsurfcliente\app\public\wp-includes\functions.php on line 7329
[02-Feb-2025 00:51:10 UTC] PHP Deprecated:  str_replace(): Passing null to parameter #3 ($subject) of type array|string is deprecated in D:\LocalWP\pluginwindsurfcliente\app\public\wp-includes\functions.php on line 2189
[02-Feb-2025 00:51:15 UTC] PHP Deprecated:  strpos(): Passing null to parameter #1 ($haystack) of type string is deprecated in D:\LocalWP\pluginwindsurfcliente\app\public\wp-includes\functions.php on line 7329
[02-Feb-2025 00:51:15 UTC] PHP Deprecated:  str_replace(): Passing null to parameter #3 ($subject) of type array|string is deprecated in D:\LocalWP\pluginwindsurfcliente\app\public\wp-includes\functions.php on line 2189
[02-Feb-2025 00:51:16 UTC] PHP Deprecated:  strpos(): Passing null to parameter #1 ($haystack) of type string is deprecated in D:\LocalWP\pluginwindsurfcliente\app\public\wp-includes\functions.php on line 7329
[02-Feb-2025 00:51:16 UTC] PHP Deprecated:  str_replace(): Passing null to parameter #3 ($subject) of type array|string is deprecated in D:\LocalWP\pluginwindsurfcliente\app\public\wp-includes\functions.php on line 2189
[02-Feb-2025 00:51:19 UTC] PHP Deprecated:  strpos(): Passing null to parameter #1 ($haystack) of type string is deprecated in D:\LocalWP\pluginwindsurfcliente\app\public\wp-includes\functions.php on line 7329
[02-Feb-2025 00:51:19 UTC] PHP Deprecated:  str_replace(): Passing null to parameter #3 ($subject) of type array|string is deprecated in D:\LocalWP\pluginwindsurfcliente\app\public\wp-includes\functions.php on line 2189
[02-Feb-2025 00:51:20 UTC] PHP Deprecated:  strpos(): Passing null to parameter #1 ($haystack) of type string is deprecated in D:\LocalWP\pluginwindsurfcliente\app\public\wp-includes\functions.php on line 7329
[02-Feb-2025 00:51:20 UTC] PHP Deprecated:  str_replace(): Passing null to parameter #3 ($subject) of type array|string is deprecated in D:\LocalWP\pluginwindsurfcliente\app\public\wp-includes\functions.php on line 2189
[02-Feb-2025 00:51:22 UTC] PHP Deprecated:  strpos(): Passing null to parameter #1 ($haystack) of type string is deprecated in D:\LocalWP\pluginwindsurfcliente\app\public\wp-includes\functions.php on line 7329
[02-Feb-2025 00:51:22 UTC] PHP Deprecated:  str_replace(): Passing null to parameter #3 ($subject) of type array|string is deprecated in D:\LocalWP\pluginwindsurfcliente\app\public\wp-includes\functions.php on line 2189
[02-Feb-2025 00:54:17 UTC] PHP Deprecated:  strpos(): Passing null to parameter #1 ($haystack) of type string is deprecated in D:\LocalWP\pluginwindsurfcliente\app\public\wp-includes\functions.php on line 7329
[02-Feb-2025 00:54:17 UTC] PHP Deprecated:  str_replace(): Passing null to parameter #3 ($subject) of type array|string is deprecated in D:\LocalWP\pluginwindsurfcliente\app\public\wp-includes\functions.php on line 2189
[02-Feb-2025 00:54:18 UTC] PHP Deprecated:  strpos(): Passing null to parameter #1 ($haystack) of type string is deprecated in D:\LocalWP\pluginwindsurfcliente\app\public\wp-includes\functions.php on line 7329
[02-Feb-2025 00:54:18 UTC] PHP Deprecated:  str_replace(): Passing null to parameter #3 ($subject) of type array|string is deprecated in D:\LocalWP\pluginwindsurfcliente\app\public\wp-includes\functions.php on line 2189
[02-Feb-2025 00:54:20 UTC] PHP Deprecated:  strpos(): Passing null to parameter #1 ($haystack) of type string is deprecated in D:\LocalWP\pluginwindsurfcliente\app\public\wp-includes\functions.php on line 7329
[02-Feb-2025 00:54:20 UTC] PHP Deprecated:  str_replace(): Passing null to parameter #3 ($subject) of type array|string is deprecated in D:\LocalWP\pluginwindsurfcliente\app\public\wp-includes\functions.php on line 2189
[02-Feb-2025 00:54:21 UTC] PHP Deprecated:  strpos(): Passing null to parameter #1 ($haystack) of type string is deprecated in D:\LocalWP\pluginwindsurfcliente\app\public\wp-includes\functions.php on line 7329
[02-Feb-2025 00:54:21 UTC] PHP Deprecated:  str_replace(): Passing null to parameter #3 ($subject) of type array|string is deprecated in D:\LocalWP\pluginwindsurfcliente\app\public\wp-includes\functions.php on line 2189
[02-Feb-2025 00:54:25 UTC] PHP Deprecated:  strpos(): Passing null to parameter #1 ($haystack) of type string is deprecated in D:\LocalWP\pluginwindsurfcliente\app\public\wp-includes\functions.php on line 7329
[02-Feb-2025 00:54:25 UTC] PHP Deprecated:  str_replace(): Passing null to parameter #3 ($subject) of type array|string is deprecated in D:\LocalWP\pluginwindsurfcliente\app\public\wp-includes\functions.php on line 2189
[02-Feb-2025 00:54:27 UTC] PHP Deprecated:  strpos(): Passing null to parameter #1 ($haystack) of type string is deprecated in D:\LocalWP\pluginwindsurfcliente\app\public\wp-includes\functions.php on line 7329
[02-Feb-2025 00:54:27 UTC] PHP Deprecated:  str_replace(): Passing null to parameter #3 ($subject) of type array|string is deprecated in D:\LocalWP\pluginwindsurfcliente\app\public\wp-includes\functions.php on line 2189
[02-Feb-2025 00:54:27 UTC] WordPress database error You have an error in your SQL syntax; check the manual that corresponds to your MySQL server version for the right syntax to use near ''wp_msc_kanban' k 
        JOIN wp_msc_clientes c ON k.cliente_id = c.id 
      ' at line 2 for query 
        SELECT k.*, c.nome as cliente_nome 
        FROM 'wp_msc_kanban' k 
        JOIN wp_msc_clientes c ON k.cliente_id = c.id 
        ORDER BY k.data_criacao DESC
     made by do_action('clientes_page_msc-kanban'), WP_Hook->do_action, WP_Hook->apply_filters, msc_render_kanban_page
[02-Feb-2025 00:57:07 UTC] PHP Deprecated:  strpos(): Passing null to parameter #1 ($haystack) of type string is deprecated in D:\LocalWP\pluginwindsurfcliente\app\public\wp-includes\functions.php on line 7329
[02-Feb-2025 00:57:07 UTC] PHP Deprecated:  str_replace(): Passing null to parameter #3 ($subject) of type array|string is deprecated in D:\LocalWP\pluginwindsurfcliente\app\public\wp-includes\functions.php on line 2189
[02-Feb-2025 00:57:07 UTC] PHP Notice:  Function wpdb::prepare was called <strong>incorrectly</strong>. The query argument of wpdb::prepare() must have a placeholder. Please see <a href="https://developer.wordpress.org/advanced-administration/debug/debug-wordpress/">Debugging in WordPress</a> for more information. (This message was added in version 3.9.0.) in D:\LocalWP\pluginwindsurfcliente\app\public\wp-includes\functions.php on line 6114
[02-Feb-2025 00:57:10 UTC] PHP Deprecated:  strpos(): Passing null to parameter #1 ($haystack) of type string is deprecated in D:\LocalWP\pluginwindsurfcliente\app\public\wp-includes\functions.php on line 7329
[02-Feb-2025 00:57:10 UTC] PHP Deprecated:  str_replace(): Passing null to parameter #3 ($subject) of type array|string is deprecated in D:\LocalWP\pluginwindsurfcliente\app\public\wp-includes\functions.php on line 2189
[02-Feb-2025 00:57:11 UTC] PHP Deprecated:  strpos(): Passing null to parameter #1 ($haystack) of type string is deprecated in D:\LocalWP\pluginwindsurfcliente\app\public\wp-includes\functions.php on line 7329
[02-Feb-2025 00:57:11 UTC] PHP Deprecated:  str_replace(): Passing null to parameter #3 ($subject) of type array|string is deprecated in D:\LocalWP\pluginwindsurfcliente\app\public\wp-includes\functions.php on line 2189
[02-Feb-2025 00:57:12 UTC] PHP Deprecated:  strpos(): Passing null to parameter #1 ($haystack) of type string is deprecated in D:\LocalWP\pluginwindsurfcliente\app\public\wp-includes\functions.php on line 7329
[02-Feb-2025 00:57:12 UTC] PHP Deprecated:  str_replace(): Passing null to parameter #3 ($subject) of type array|string is deprecated in D:\LocalWP\pluginwindsurfcliente\app\public\wp-includes\functions.php on line 2189
[02-Feb-2025 00:57:14 UTC] PHP Deprecated:  strpos(): Passing null to parameter #1 ($haystack) of type string is deprecated in D:\LocalWP\pluginwindsurfcliente\app\public\wp-includes\functions.php on line 7329
[02-Feb-2025 00:57:14 UTC] PHP Deprecated:  str_replace(): Passing null to parameter #3 ($subject) of type array|string is deprecated in D:\LocalWP\pluginwindsurfcliente\app\public\wp-includes\functions.php on line 2189
[02-Feb-2025 00:57:17 UTC] PHP Deprecated:  strpos(): Passing null to parameter #1 ($haystack) of type string is deprecated in D:\LocalWP\pluginwindsurfcliente\app\public\wp-includes\functions.php on line 7329
[02-Feb-2025 00:57:17 UTC] PHP Deprecated:  str_replace(): Passing null to parameter #3 ($subject) of type array|string is deprecated in D:\LocalWP\pluginwindsurfcliente\app\public\wp-includes\functions.php on line 2189
[02-Feb-2025 00:57:17 UTC] PHP Notice:  Function wpdb::prepare was called <strong>incorrectly</strong>. The query argument of wpdb::prepare() must have a placeholder. Please see <a href="https://developer.wordpress.org/advanced-administration/debug/debug-wordpress/">Debugging in WordPress</a> for more information. (This message was added in version 3.9.0.) in D:\LocalWP\pluginwindsurfcliente\app\public\wp-includes\functions.php on line 6114
[02-Feb-2025 00:57:27 UTC] PHP Deprecated:  strpos(): Passing null to parameter #1 ($haystack) of type string is deprecated in D:\LocalWP\pluginwindsurfcliente\app\public\wp-includes\functions.php on line 7329
[02-Feb-2025 00:57:27 UTC] PHP Deprecated:  str_replace(): Passing null to parameter #3 ($subject) of type array|string is deprecated in D:\LocalWP\pluginwindsurfcliente\app\public\wp-includes\functions.php on line 2189
[02-Feb-2025 00:57:27 UTC] PHP Notice:  Function wpdb::prepare was called <strong>incorrectly</strong>. The query argument of wpdb::prepare() must have a placeholder. Please see <a href="https://developer.wordpress.org/advanced-administration/debug/debug-wordpress/">Debugging in WordPress</a> for more information. (This message was added in version 3.9.0.) in D:\LocalWP\pluginwindsurfcliente\app\public\wp-includes\functions.php on line 6114
[02-Feb-2025 00:59:57 UTC] PHP Deprecated:  strpos(): Passing null to parameter #1 ($haystack) of type string is deprecated in D:\LocalWP\pluginwindsurfcliente\app\public\wp-includes\functions.php on line 7329
[02-Feb-2025 00:59:57 UTC] PHP Deprecated:  str_replace(): Passing null to parameter #3 ($subject) of type array|string is deprecated in D:\LocalWP\pluginwindsurfcliente\app\public\wp-includes\functions.php on line 2189
[02-Feb-2025 01:04:28 UTC] PHP Deprecated:  strpos(): Passing null to parameter #1 ($haystack) of type string is deprecated in D:\LocalWP\pluginwindsurfcliente\app\public\wp-includes\functions.php on line 7329
[02-Feb-2025 01:04:28 UTC] PHP Deprecated:  str_replace(): Passing null to parameter #3 ($subject) of type array|string is deprecated in D:\LocalWP\pluginwindsurfcliente\app\public\wp-includes\functions.php on line 2189
[02-Feb-2025 01:04:28 UTC] PHP Notice:  Function wpdb::prepare was called <strong>incorrectly</strong>. The query argument of wpdb::prepare() must have a placeholder. Please see <a href="https://developer.wordpress.org/advanced-administration/debug/debug-wordpress/">Debugging in WordPress</a> for more information. (This message was added in version 3.9.0.) in D:\LocalWP\pluginwindsurfcliente\app\public\wp-includes\functions.php on line 6114
[02-Feb-2025 01:04:43 UTC] PHP Deprecated:  strpos(): Passing null to parameter #1 ($haystack) of type string is deprecated in D:\LocalWP\pluginwindsurfcliente\app\public\wp-includes\functions.php on line 7329
[02-Feb-2025 01:04:43 UTC] PHP Deprecated:  str_replace(): Passing null to parameter #3 ($subject) of type array|string is deprecated in D:\LocalWP\pluginwindsurfcliente\app\public\wp-includes\functions.php on line 2189
[02-Feb-2025 01:04:43 UTC] PHP Notice:  Function wpdb::prepare was called <strong>incorrectly</strong>. The query argument of wpdb::prepare() must have a placeholder. Please see <a href="https://developer.wordpress.org/advanced-administration/debug/debug-wordpress/">Debugging in WordPress</a> for more information. (This message was added in version 3.9.0.) in D:\LocalWP\pluginwindsurfcliente\app\public\wp-includes\functions.php on line 6114
[02-Feb-2025 01:04:45 UTC] PHP Deprecated:  strpos(): Passing null to parameter #1 ($haystack) of type string is deprecated in D:\LocalWP\pluginwindsurfcliente\app\public\wp-includes\functions.php on line 7329
[02-Feb-2025 01:04:45 UTC] PHP Deprecated:  str_replace(): Passing null to parameter #3 ($subject) of type array|string is deprecated in D:\LocalWP\pluginwindsurfcliente\app\public\wp-includes\functions.php on line 2189
[02-Feb-2025 01:04:45 UTC] PHP Deprecated:  strip_tags(): Passing null to parameter #1 ($string) of type string is deprecated in D:\LocalWP\pluginwindsurfcliente\app\public\wp-admin\admin-header.php on line 36
[02-Feb-2025 01:04:58 UTC] PHP Deprecated:  strpos(): Passing null to parameter #1 ($haystack) of type string is deprecated in D:\LocalWP\pluginwindsurfcliente\app\public\wp-includes\functions.php on line 7329
[02-Feb-2025 01:04:58 UTC] PHP Deprecated:  str_replace(): Passing null to parameter #3 ($subject) of type array|string is deprecated in D:\LocalWP\pluginwindsurfcliente\app\public\wp-includes\functions.php on line 2189
[02-Feb-2025 01:04:59 UTC] PHP Deprecated:  strpos(): Passing null to parameter #1 ($haystack) of type string is deprecated in D:\LocalWP\pluginwindsurfcliente\app\public\wp-includes\functions.php on line 7329
[02-Feb-2025 01:04:59 UTC] PHP Deprecated:  str_replace(): Passing null to parameter #3 ($subject) of type array|string is deprecated in D:\LocalWP\pluginwindsurfcliente\app\public\wp-includes\functions.php on line 2189
[02-Feb-2025 01:04:59 UTC] PHP Notice:  Function wpdb::prepare was called <strong>incorrectly</strong>. The query argument of wpdb::prepare() must have a placeholder. Please see <a href="https://developer.wordpress.org/advanced-administration/debug/debug-wordpress/">Debugging in WordPress</a> for more information. (This message was added in version 3.9.0.) in D:\LocalWP\pluginwindsurfcliente\app\public\wp-includes\functions.php on line 6114
[02-Feb-2025 01:05:01 UTC] PHP Deprecated:  strpos(): Passing null to parameter #1 ($haystack) of type string is deprecated in D:\LocalWP\pluginwindsurfcliente\app\public\wp-includes\functions.php on line 7329
[02-Feb-2025 01:05:01 UTC] PHP Deprecated:  str_replace(): Passing null to parameter #3 ($subject) of type array|string is deprecated in D:\LocalWP\pluginwindsurfcliente\app\public\wp-includes\functions.php on line 2189
[02-Feb-2025 01:05:01 UTC] PHP Deprecated:  strip_tags(): Passing null to parameter #1 ($string) of type string is deprecated in D:\LocalWP\pluginwindsurfcliente\app\public\wp-admin\admin-header.php on line 36
[02-Feb-2025 01:05:08 UTC] PHP Deprecated:  strpos(): Passing null to parameter #1 ($haystack) of type string is deprecated in D:\LocalWP\pluginwindsurfcliente\app\public\wp-includes\functions.php on line 7329
[02-Feb-2025 01:05:08 UTC] PHP Deprecated:  str_replace(): Passing null to parameter #3 ($subject) of type array|string is deprecated in D:\LocalWP\pluginwindsurfcliente\app\public\wp-includes\functions.php on line 2189
[02-Feb-2025 01:05:10 UTC] PHP Deprecated:  strpos(): Passing null to parameter #1 ($haystack) of type string is deprecated in D:\LocalWP\pluginwindsurfcliente\app\public\wp-includes\functions.php on line 7329
[02-Feb-2025 01:05:10 UTC] PHP Deprecated:  str_replace(): Passing null to parameter #3 ($subject) of type array|string is deprecated in D:\LocalWP\pluginwindsurfcliente\app\public\wp-includes\functions.php on line 2189
[02-Feb-2025 01:05:11 UTC] PHP Deprecated:  strpos(): Passing null to parameter #1 ($haystack) of type string is deprecated in D:\LocalWP\pluginwindsurfcliente\app\public\wp-includes\functions.php on line 7329
[02-Feb-2025 01:05:11 UTC] PHP Deprecated:  str_replace(): Passing null to parameter #3 ($subject) of type array|string is deprecated in D:\LocalWP\pluginwindsurfcliente\app\public\wp-includes\functions.php on line 2189
[02-Feb-2025 01:05:13 UTC] PHP Deprecated:  strpos(): Passing null to parameter #1 ($haystack) of type string is deprecated in D:\LocalWP\pluginwindsurfcliente\app\public\wp-includes\functions.php on line 7329
[02-Feb-2025 01:05:13 UTC] PHP Deprecated:  str_replace(): Passing null to parameter #3 ($subject) of type array|string is deprecated in D:\LocalWP\pluginwindsurfcliente\app\public\wp-includes\functions.php on line 2189
[02-Feb-2025 01:05:16 UTC] PHP Deprecated:  strpos(): Passing null to parameter #1 ($haystack) of type string is deprecated in D:\LocalWP\pluginwindsurfcliente\app\public\wp-includes\functions.php on line 7329
[02-Feb-2025 01:05:16 UTC] PHP Deprecated:  str_replace(): Passing null to parameter #3 ($subject) of type array|string is deprecated in D:\LocalWP\pluginwindsurfcliente\app\public\wp-includes\functions.php on line 2189
[02-Feb-2025 01:05:16 UTC] PHP Notice:  Function wpdb::prepare was called <strong>incorrectly</strong>. The query argument of wpdb::prepare() must have a placeholder. Please see <a href="https://developer.wordpress.org/advanced-administration/debug/debug-wordpress/">Debugging in WordPress</a> for more information. (This message was added in version 3.9.0.) in D:\LocalWP\pluginwindsurfcliente\app\public\wp-includes\functions.php on line 6114
[02-Feb-2025 01:05:28 UTC] PHP Deprecated:  strpos(): Passing null to parameter #1 ($haystack) of type string is deprecated in D:\LocalWP\pluginwindsurfcliente\app\public\wp-includes\functions.php on line 7329
[02-Feb-2025 01:05:28 UTC] PHP Deprecated:  str_replace(): Passing null to parameter #3 ($subject) of type array|string is deprecated in D:\LocalWP\pluginwindsurfcliente\app\public\wp-includes\functions.php on line 2189
[02-Feb-2025 01:05:28 UTC] PHP Notice:  Function wpdb::prepare was called <strong>incorrectly</strong>. The query argument of wpdb::prepare() must have a placeholder. Please see <a href="https://developer.wordpress.org/advanced-administration/debug/debug-wordpress/">Debugging in WordPress</a> for more information. (This message was added in version 3.9.0.) in D:\LocalWP\pluginwindsurfcliente\app\public\wp-includes\functions.php on line 6114
[02-Feb-2025 01:05:33 UTC] PHP Deprecated:  strpos(): Passing null to parameter #1 ($haystack) of type string is deprecated in D:\LocalWP\pluginwindsurfcliente\app\public\wp-includes\functions.php on line 7329
[02-Feb-2025 01:05:33 UTC] PHP Deprecated:  str_replace(): Passing null to parameter #3 ($subject) of type array|string is deprecated in D:\LocalWP\pluginwindsurfcliente\app\public\wp-includes\functions.php on line 2189
[02-Feb-2025 01:05:33 UTC] PHP Deprecated:  strip_tags(): Passing null to parameter #1 ($string) of type string is deprecated in D:\LocalWP\pluginwindsurfcliente\app\public\wp-admin\admin-header.php on line 36
[02-Feb-2025 01:05:39 UTC] PHP Deprecated:  strpos(): Passing null to parameter #1 ($haystack) of type string is deprecated in D:\LocalWP\pluginwindsurfcliente\app\public\wp-includes\functions.php on line 7329
[02-Feb-2025 01:05:39 UTC] PHP Deprecated:  str_replace(): Passing null to parameter #3 ($subject) of type array|string is deprecated in D:\LocalWP\pluginwindsurfcliente\app\public\wp-includes\functions.php on line 2189
[02-Feb-2025 01:05:41 UTC] PHP Deprecated:  strpos(): Passing null to parameter #1 ($haystack) of type string is deprecated in D:\LocalWP\pluginwindsurfcliente\app\public\wp-includes\functions.php on line 7329
[02-Feb-2025 01:05:41 UTC] PHP Deprecated:  str_replace(): Passing null to parameter #3 ($subject) of type array|string is deprecated in D:\LocalWP\pluginwindsurfcliente\app\public\wp-includes\functions.php on line 2189
[02-Feb-2025 01:05:42 UTC] PHP Deprecated:  strpos(): Passing null to parameter #1 ($haystack) of type string is deprecated in D:\LocalWP\pluginwindsurfcliente\app\public\wp-includes\functions.php on line 7329
[02-Feb-2025 01:05:42 UTC] PHP Deprecated:  str_replace(): Passing null to parameter #3 ($subject) of type array|string is deprecated in D:\LocalWP\pluginwindsurfcliente\app\public\wp-includes\functions.php on line 2189
[02-Feb-2025 01:05:42 UTC] PHP Notice:  Function wpdb::prepare was called <strong>incorrectly</strong>. The query argument of wpdb::prepare() must have a placeholder. Please see <a href="https://developer.wordpress.org/advanced-administration/debug/debug-wordpress/">Debugging in WordPress</a> for more information. (This message was added in version 3.9.0.) in D:\LocalWP\pluginwindsurfcliente\app\public\wp-includes\functions.php on line 6114
[02-Feb-2025 01:05:44 UTC] PHP Deprecated:  strpos(): Passing null to parameter #1 ($haystack) of type string is deprecated in D:\LocalWP\pluginwindsurfcliente\app\public\wp-includes\functions.php on line 7329
[02-Feb-2025 01:05:44 UTC] PHP Deprecated:  str_replace(): Passing null to parameter #3 ($subject) of type array|string is deprecated in D:\LocalWP\pluginwindsurfcliente\app\public\wp-includes\functions.php on line 2189
[02-Feb-2025 01:05:44 UTC] PHP Notice:  Function wpdb::prepare was called <strong>incorrectly</strong>. The query argument of wpdb::prepare() must have a placeholder. Please see <a href="https://developer.wordpress.org/advanced-administration/debug/debug-wordpress/">Debugging in WordPress</a> for more information. (This message was added in version 3.9.0.) in D:\LocalWP\pluginwindsurfcliente\app\public\wp-includes\functions.php on line 6114
[02-Feb-2025 01:05:46 UTC] PHP Deprecated:  strpos(): Passing null to parameter #1 ($haystack) of type string is deprecated in D:\LocalWP\pluginwindsurfcliente\app\public\wp-includes\functions.php on line 7329
[02-Feb-2025 01:05:46 UTC] PHP Deprecated:  str_replace(): Passing null to parameter #3 ($subject) of type array|string is deprecated in D:\LocalWP\pluginwindsurfcliente\app\public\wp-includes\functions.php on line 2189
[02-Feb-2025 01:05:46 UTC] PHP Notice:  Function wpdb::prepare was called <strong>incorrectly</strong>. The query argument of wpdb::prepare() must have a placeholder. Please see <a href="https://developer.wordpress.org/advanced-administration/debug/debug-wordpress/">Debugging in WordPress</a> for more information. (This message was added in version 3.9.0.) in D:\LocalWP\pluginwindsurfcliente\app\public\wp-includes\functions.php on line 6114
[02-Feb-2025 01:05:50 UTC] PHP Deprecated:  strpos(): Passing null to parameter #1 ($haystack) of type string is deprecated in D:\LocalWP\pluginwindsurfcliente\app\public\wp-includes\functions.php on line 7329
[02-Feb-2025 01:05:50 UTC] PHP Deprecated:  str_replace(): Passing null to parameter #3 ($subject) of type array|string is deprecated in D:\LocalWP\pluginwindsurfcliente\app\public\wp-includes\functions.php on line 2189
[02-Feb-2025 01:05:53 UTC] PHP Deprecated:  strpos(): Passing null to parameter #1 ($haystack) of type string is deprecated in D:\LocalWP\pluginwindsurfcliente\app\public\wp-includes\functions.php on line 7329
[02-Feb-2025 01:05:53 UTC] PHP Deprecated:  str_replace(): Passing null to parameter #3 ($subject) of type array|string is deprecated in D:\LocalWP\pluginwindsurfcliente\app\public\wp-includes\functions.php on line 2189
[02-Feb-2025 01:05:54 UTC] PHP Deprecated:  strpos(): Passing null to parameter #1 ($haystack) of type string is deprecated in D:\LocalWP\pluginwindsurfcliente\app\public\wp-includes\functions.php on line 7329
[02-Feb-2025 01:05:54 UTC] PHP Deprecated:  str_replace(): Passing null to parameter #3 ($subject) of type array|string is deprecated in D:\LocalWP\pluginwindsurfcliente\app\public\wp-includes\functions.php on line 2189
[02-Feb-2025 01:05:55 UTC] PHP Deprecated:  strpos(): Passing null to parameter #1 ($haystack) of type string is deprecated in D:\LocalWP\pluginwindsurfcliente\app\public\wp-includes\functions.php on line 7329
[02-Feb-2025 01:05:55 UTC] PHP Deprecated:  str_replace(): Passing null to parameter #3 ($subject) of type array|string is deprecated in D:\LocalWP\pluginwindsurfcliente\app\public\wp-includes\functions.php on line 2189
[02-Feb-2025 01:05:56 UTC] PHP Deprecated:  strpos(): Passing null to parameter #1 ($haystack) of type string is deprecated in D:\LocalWP\pluginwindsurfcliente\app\public\wp-includes\functions.php on line 7329
[02-Feb-2025 01:05:56 UTC] PHP Deprecated:  str_replace(): Passing null to parameter #3 ($subject) of type array|string is deprecated in D:\LocalWP\pluginwindsurfcliente\app\public\wp-includes\functions.php on line 2189
[02-Feb-2025 01:05:58 UTC] PHP Deprecated:  strpos(): Passing null to parameter #1 ($haystack) of type string is deprecated in D:\LocalWP\pluginwindsurfcliente\app\public\wp-includes\functions.php on line 7329
[02-Feb-2025 01:05:58 UTC] PHP Deprecated:  str_replace(): Passing null to parameter #3 ($subject) of type array|string is deprecated in D:\LocalWP\pluginwindsurfcliente\app\public\wp-includes\functions.php on line 2189
[02-Feb-2025 01:06:01 UTC] PHP Deprecated:  strpos(): Passing null to parameter #1 ($haystack) of type string is deprecated in D:\LocalWP\pluginwindsurfcliente\app\public\wp-includes\functions.php on line 7329
[02-Feb-2025 01:06:01 UTC] PHP Deprecated:  str_replace(): Passing null to parameter #3 ($subject) of type array|string is deprecated in D:\LocalWP\pluginwindsurfcliente\app\public\wp-includes\functions.php on line 2189
[02-Feb-2025 01:06:02 UTC] PHP Deprecated:  strpos(): Passing null to parameter #1 ($haystack) of type string is deprecated in D:\LocalWP\pluginwindsurfcliente\app\public\wp-includes\functions.php on line 7329
[02-Feb-2025 01:06:02 UTC] PHP Deprecated:  str_replace(): Passing null to parameter #3 ($subject) of type array|string is deprecated in D:\LocalWP\pluginwindsurfcliente\app\public\wp-includes\functions.php on line 2189
[02-Feb-2025 01:06:07 UTC] PHP Deprecated:  strpos(): Passing null to parameter #1 ($haystack) of type string is deprecated in D:\LocalWP\pluginwindsurfcliente\app\public\wp-includes\functions.php on line 7329
[02-Feb-2025 01:06:07 UTC] PHP Deprecated:  str_replace(): Passing null to parameter #3 ($subject) of type array|string is deprecated in D:\LocalWP\pluginwindsurfcliente\app\public\wp-includes\functions.php on line 2189
[02-Feb-2025 01:06:07 UTC] PHP Notice:  Function wpdb::prepare was called <strong>incorrectly</strong>. The query argument of wpdb::prepare() must have a placeholder. Please see <a href="https://developer.wordpress.org/advanced-administration/debug/debug-wordpress/">Debugging in WordPress</a> for more information. (This message was added in version 3.9.0.) in D:\LocalWP\pluginwindsurfcliente\app\public\wp-includes\functions.php on line 6114
[02-Feb-2025 01:06:08 UTC] PHP Deprecated:  strpos(): Passing null to parameter #1 ($haystack) of type string is deprecated in D:\LocalWP\pluginwindsurfcliente\app\public\wp-includes\functions.php on line 7329
[02-Feb-2025 01:06:08 UTC] PHP Deprecated:  str_replace(): Passing null to parameter #3 ($subject) of type array|string is deprecated in D:\LocalWP\pluginwindsurfcliente\app\public\wp-includes\functions.php on line 2189
[02-Feb-2025 01:06:09 UTC] PHP Deprecated:  strpos(): Passing null to parameter #1 ($haystack) of type string is deprecated in D:\LocalWP\pluginwindsurfcliente\app\public\wp-includes\functions.php on line 7329
[02-Feb-2025 01:06:09 UTC] PHP Deprecated:  str_replace(): Passing null to parameter #3 ($subject) of type array|string is deprecated in D:\LocalWP\pluginwindsurfcliente\app\public\wp-includes\functions.php on line 2189
[02-Feb-2025 01:06:10 UTC] PHP Deprecated:  strpos(): Passing null to parameter #1 ($haystack) of type string is deprecated in D:\LocalWP\pluginwindsurfcliente\app\public\wp-includes\functions.php on line 7329
[02-Feb-2025 01:06:10 UTC] PHP Deprecated:  str_replace(): Passing null to parameter #3 ($subject) of type array|string is deprecated in D:\LocalWP\pluginwindsurfcliente\app\public\wp-includes\functions.php on line 2189
[02-Feb-2025 01:07:30 UTC] PHP Deprecated:  strpos(): Passing null to parameter #1 ($haystack) of type string is deprecated in D:\LocalWP\pluginwindsurfcliente\app\public\wp-includes\functions.php on line 7329
[02-Feb-2025 01:07:30 UTC] PHP Deprecated:  str_replace(): Passing null to parameter #3 ($subject) of type array|string is deprecated in D:\LocalWP\pluginwindsurfcliente\app\public\wp-includes\functions.php on line 2189
[02-Feb-2025 01:07:32 UTC] PHP Deprecated:  strpos(): Passing null to parameter #1 ($haystack) of type string is deprecated in D:\LocalWP\pluginwindsurfcliente\app\public\wp-includes\functions.php on line 7329
[02-Feb-2025 01:07:32 UTC] PHP Deprecated:  str_replace(): Passing null to parameter #3 ($subject) of type array|string is deprecated in D:\LocalWP\pluginwindsurfcliente\app\public\wp-includes\functions.php on line 2189
[02-Feb-2025 01:07:32 UTC] PHP Notice:  Function wpdb::prepare was called <strong>incorrectly</strong>. The query argument of wpdb::prepare() must have a placeholder. Please see <a href="https://developer.wordpress.org/advanced-administration/debug/debug-wordpress/">Debugging in WordPress</a> for more information. (This message was added in version 3.9.0.) in D:\LocalWP\pluginwindsurfcliente\app\public\wp-includes\functions.php on line 6114
[02-Feb-2025 01:07:37 UTC] PHP Deprecated:  strpos(): Passing null to parameter #1 ($haystack) of type string is deprecated in D:\LocalWP\pluginwindsurfcliente\app\public\wp-includes\functions.php on line 7329
[02-Feb-2025 01:07:37 UTC] PHP Deprecated:  str_replace(): Passing null to parameter #3 ($subject) of type array|string is deprecated in D:\LocalWP\pluginwindsurfcliente\app\public\wp-includes\functions.php on line 2189
[02-Feb-2025 01:07:38 UTC] PHP Deprecated:  strpos(): Passing null to parameter #1 ($haystack) of type string is deprecated in D:\LocalWP\pluginwindsurfcliente\app\public\wp-includes\functions.php on line 7329
[02-Feb-2025 01:07:38 UTC] PHP Deprecated:  str_replace(): Passing null to parameter #3 ($subject) of type array|string is deprecated in D:\LocalWP\pluginwindsurfcliente\app\public\wp-includes\functions.php on line 2189
[02-Feb-2025 01:07:56 UTC] PHP Deprecated:  strpos(): Passing null to parameter #1 ($haystack) of type string is deprecated in D:\LocalWP\pluginwindsurfcliente\app\public\wp-includes\functions.php on line 7329
[02-Feb-2025 01:07:56 UTC] PHP Deprecated:  str_replace(): Passing null to parameter #3 ($subject) of type array|string is deprecated in D:\LocalWP\pluginwindsurfcliente\app\public\wp-includes\functions.php on line 2189
[02-Feb-2025 01:07:57 UTC] PHP Deprecated:  strpos(): Passing null to parameter #1 ($haystack) of type string is deprecated in D:\LocalWP\pluginwindsurfcliente\app\public\wp-includes\functions.php on line 7329
[02-Feb-2025 01:07:57 UTC] PHP Deprecated:  str_replace(): Passing null to parameter #3 ($subject) of type array|string is deprecated in D:\LocalWP\pluginwindsurfcliente\app\public\wp-includes\functions.php on line 2189
